
Starting report FTR00002 [Tue Jan 05 23:10:43 2016] ...
End report FTR00002 [Tue Jan 05 23:10:54 2016].

Starting report FTR00002 [Tue Jan 05 23:12:12 2016] ...
End report FTR00002 [Tue Jan 05 23:12:42 2016].

Starting report FTR00002 [Tue Jan 05 23:12:54 2016] ...
End report FTR00002 [Tue Jan 05 23:12:57 2016].

Starting report FTR00002 [Tue Jan 05 23:13:37 2016] ...
End report FTR00002 [Tue Jan 05 23:13:38 2016].

Starting report FTR00003 [Tue Jan 05 23:13:54 2016] ...
REP-0108: File 'C:\Users\FRANCISCATO\Documents\Outros\Particulares\LINEPACK\Imagens\logo.jpg' not found.
REP-0594: No report output generated.
End report FTR00003 [Tue Jan 05 23:13:58 2016].

Starting report FTR00003 [Tue Jan 05 23:14:27 2016] ...
REP-0108: File 'C:\Users\FRANCISCATO\Documents\Outros\Particulares\LINEPACK\Imagens\logo.jpg' not found.
REP-0594: No report output generated.
End report FTR00003 [Tue Jan 05 23:14:34 2016].

Starting report FTR00003 [Tue Jan 05 23:15:33 2016] ...
End report FTR00003 [Tue Jan 05 23:15:57 2016].

Starting report FTR00003 [Tue Jan 05 23:16:15 2016] ...
End report FTR00003 [Tue Jan 05 23:16:23 2016].

Starting report FTR00002 [Tue Jan 05 23:23:21 2016] ...
End report FTR00002 [Tue Jan 05 23:23:29 2016].

Starting report FTR00002 [Tue Jan 05 23:23:56 2016] ...
End report FTR00002 [Tue Jan 05 23:24:06 2016].

Starting report FTR00002 [Tue Jan 05 23:50:06 2016] ...
End report FTR00002 [Tue Jan 05 23:50:15 2016].

Starting report FTR00003 [Tue Jan 05 23:50:30 2016] ...
End report FTR00003 [Tue Jan 05 23:50:37 2016].

Starting report FTR00003 [Tue Jan 05 23:50:40 2016] ...
End report FTR00003 [Tue Jan 05 23:50:51 2016].

Starting report FTR00002 [Tue Jan 05 23:51:08 2016] ...
End report FTR00002 [Tue Jan 05 23:51:15 2016].

Starting report FTR00003 [Tue Jan 05 23:51:17 2016] ...
End report FTR00003 [Tue Jan 05 23:51:19 2016].

Starting report FTR00004 [Wed Jan 06 00:19:52 2016] ...
End report FTR00004 [Wed Jan 06 00:19:57 2016].

Starting report FTR00004 [Wed Jan 06 00:20:45 2016] ...
End report FTR00004 [Wed Jan 06 00:20:57 2016].

Starting report FTR00002 [Wed Jan 06 19:38:07 2016] ...
End report FTR00002 [Wed Jan 06 19:38:14 2016].

Iniciando o relatório FTR00002 [Tue Apr 12 23:03:10 2016] ...
REP-0110: Não é possível abrir o arquivo 'FTR00002.REP'.
REP-1070: Erro durante a abertura ou gravação de um documento.
REP-0110: Não é possível abrir o arquivo 'FTR00002.REP'.
Finalizar relatório FTR00002 [Tue Apr 12 23:03:10 2016].

Iniciando o relatório FTR00002 [Tue Apr 12 23:03:46 2016] ...
Finalizar relatório FTR00002 [Tue Apr 12 23:03:59 2016].

Erro durante a submissão do relatório [Tue Apr 12 23:05:45 2016] ...
REP-0159: Erro de sintaxe na linha de comando.

Iniciando o relatório FTR00002 [Tue Apr 12 23:06:09 2016] ...
Finalizar relatório FTR00002 [Tue Apr 12 23:06:12 2016].

Iniciando o relatório FTR00003 [Tue Apr 12 23:06:22 2016] ...
Finalizar relatório FTR00003 [Tue Apr 12 23:06:35 2016].

Iniciando o relatório FTR00004 [Tue Apr 12 23:09:02 2016] ...
Finalizar relatório FTR00004 [Tue Apr 12 23:09:04 2016].

Iniciando o relatório FTR00004 [Tue Apr 12 23:09:29 2016] ...
Finalizar relatório FTR00004 [Tue Apr 12 23:09:29 2016].

Iniciando o relatório FTR00004 [Tue Apr 12 23:13:17 2016] ...
Finalizar relatório FTR00004 [Tue Apr 12 23:13:17 2016].

Iniciando o relatório FTR00004 [Tue Apr 12 23:13:48 2016] ...
Finalizar relatório FTR00004 [Tue Apr 12 23:13:48 2016].

Iniciando o relatório FTR00002 [Tue Apr 12 23:16:13 2016] ...
Finalizar relatório FTR00002 [Tue Apr 12 23:16:14 2016].

Iniciando o relatório FTR00004 [Tue Apr 12 23:16:28 2016] ...
Finalizar relatório FTR00004 [Tue Apr 12 23:16:29 2016].

Iniciando o relatório FTR00002 [Tue Apr 12 23:17:30 2016] ...
Finalizar relatório FTR00002 [Tue Apr 12 23:17:30 2016].

Iniciando o relatório FTR00004 [Tue Apr 12 23:17:32 2016] ...
Finalizar relatório FTR00004 [Tue Apr 12 23:17:33 2016].

Iniciando o relatório FTR00004 [Tue Apr 12 23:43:18 2016] ...
Finalizar relatório FTR00004 [Tue Apr 12 23:43:21 2016].

Iniciando o relatório FTR00004 [Wed Apr 13 00:13:17 2016] ...
Finalizar relatório FTR00004 [Wed Apr 13 00:13:17 2016].
